0 info it worked if it ends with ok
1 verbose cli [ 'E:\\Node.js\\node.exe',
1 verbose cli   'E:\\Node.js\\node_modules\\npm\\bin\\npm-cli.js',
1 verbose cli   'start' ]
2 info using npm@2.15.1
3 info using node@v4.4.4
4 verbose stack Error: Failed to parse json
4 verbose stack Unexpected token '/' at 24:1
4 verbose stack //这部分是包文件
4 verbose stack ^
4 verbose stack     at parseError (E:\Node.js\node_modules\npm\node_modules\read-package-json\read-json.js:379:11)
4 verbose stack     at parseJson (E:\Node.js\node_modules\npm\node_modules\read-package-json\read-json.js:68:23)
4 verbose stack     at E:\Node.js\node_modules\npm\node_modules\read-package-json\read-json.js:48:5
4 verbose stack     at E:\Node.js\node_modules\npm\node_modules\graceful-fs\graceful-fs.js:78:16
4 verbose stack     at FSReqWrap.readFileAfterClose [as oncomplete] (fs.js:380:3)
5 verbose cwd E:\blog\myblog\blog
6 error Windows_NT 10.0.10586
7 error argv "E:\\Node.js\\node.exe" "E:\\Node.js\\node_modules\\npm\\bin\\npm-cli.js" "start"
8 error node v4.4.4
9 error npm  v2.15.1
10 error file E:\blog\myblog\blog\package.json
11 error code EJSONPARSE
12 error Failed to parse json
12 error Unexpected token '/' at 24:1
12 error //这部分是包文件
12 error ^
13 error File: E:\blog\myblog\blog\package.json
14 error Failed to parse package.json data.
14 error package.json must be actual JSON, not just JavaScript.
14 error
14 error This is not a bug in npm.
14 error Tell the package author to fix their package.json file. JSON.parse
15 verbose exit [ 1, true ]
